2025-11-26 16:10:10 file single_player_scenario.txt
2025-11-26 16:10:10 file scripts/check_for_warlock.txt
2025-11-26 16:10:10 file scripts/general_scripts.txt
2025-11-26 16:10:10 file scripts/blue_team_hints.txt
2025-11-26 16:10:10 file scripts/red_team_hints.txt
2025-11-26 16:10:10 file scripts/green_team_hints.txt
2025-11-26 16:10:10 file scripts/purple_team_hints.txt
2025-11-26 16:10:10 file scenario/laydowns/blue.txt
2025-11-26 16:10:10 file platforms/include.txt
2025-11-26 16:10:10 file platforms/command.txt
2025-11-26 16:10:10 file platforms/sensor_drone.txt
2025-11-26 16:10:10 file sensors/radar/drone_radar.txt
2025-11-26 16:10:10 file signatures/air_target/infrared.txt
2025-11-26 16:10:10 file signatures/air_target/optical.txt
2025-11-26 16:10:10 file signatures/air_target/radar.txt
2025-11-26 16:10:10 file platforms/fighter.txt
2025-11-26 16:10:10 file weapons/agm/agm.txt
2025-11-26 16:10:10 file weapons/aam/aam-missile.txt
2025-11-26 16:10:10 file weapons\aam\aam_type.txt
2025-11-26 16:10:10 file weapons\aam\aam_ata_launch_computer.txt
2025-11-26 16:10:10 file sensors/radar/scout_radar.txt
2025-11-26 16:10:10 file platforms/bomber.txt
2025-11-26 16:10:10 file weapons/agm/atg.txt
2025-11-26 16:10:10 file sensors/radar/bomber_radar.txt
2025-11-26 16:10:10 file comms/team_datalink.txt
2025-11-26 16:10:10 file signatures/bomber/infrared.txt
2025-11-26 16:10:10 file signatures/bomber/optical.txt
2025-11-26 16:10:10 file signatures/bomber/radar.txt
2025-11-26 16:10:10 file platforms/sam_launcher.txt
2025-11-26 16:10:10 file sensors/radar/sam_radar.txt
2025-11-26 16:10:10 file weapons/sam/sam.txt
2025-11-26 16:10:10 file zones/red_zone.txt
2025-11-26 16:10:10 file zones/green_zone.txt
2025-11-26 16:10:10 file zones/purple_zone.txt
2025-11-26 16:10:10 file zones/blue_zone.txt
2025-11-26 16:10:10 file scenario/laydowns/red.txt
2025-11-26 16:10:10 file scenario/laydowns/green.txt
2025-11-26 16:10:10 file scenario/laydowns/purple.txt
2025-11-26 16:10:10 start 1
