2025-11-26 16:13:02 file D:/application/afsim2.9_src/demos/wargame/single_player_scenario.txt
2025-11-26 16:13:02 file D:\application\afsim2.9_src\demos\wargame\scripts/check_for_warlock.txt
2025-11-26 16:13:02 file D:\application\afsim2.9_src\demos\wargame\scripts/general_scripts.txt
2025-11-26 16:13:02 file scripts/blue_team_hints.txt
2025-11-26 16:13:02 file scripts/red_team_hints.txt
2025-11-26 16:13:02 file scripts/green_team_hints.txt
2025-11-26 16:13:02 file scripts/purple_team_hints.txt
2025-11-26 16:13:02 file D:\application\afsim2.9_src\demos\wargame\scenario/laydowns/blue.txt
2025-11-26 16:13:02 file platforms/include.txt
2025-11-26 16:13:02 file platforms/command.txt
2025-11-26 16:13:02 file platforms/sensor_drone.txt
2025-11-26 16:13:02 file sensors/radar/drone_radar.txt
2025-11-26 16:13:02 file signatures/air_target/infrared.txt
2025-11-26 16:13:02 file signatures/air_target/optical.txt
2025-11-26 16:13:02 file signatures/air_target/radar.txt
2025-11-26 16:13:02 file platforms/fighter.txt
2025-11-26 16:13:02 file weapons/agm/agm.txt
2025-11-26 16:13:02 file weapons/aam/aam-missile.txt
2025-11-26 16:13:02 file weapons\aam\aam_type.txt
2025-11-26 16:13:02 file weapons\aam\aam_ata_launch_computer.txt
2025-11-26 16:13:02 file sensors/radar/scout_radar.txt
2025-11-26 16:13:02 file platforms/bomber.txt
2025-11-26 16:13:02 file weapons/agm/atg.txt
2025-11-26 16:13:02 file sensors/radar/bomber_radar.txt
2025-11-26 16:13:02 file comms/team_datalink.txt
2025-11-26 16:13:02 file signatures/bomber/infrared.txt
2025-11-26 16:13:02 file signatures/bomber/optical.txt
2025-11-26 16:13:02 file signatures/bomber/radar.txt
2025-11-26 16:13:02 file platforms/sam_launcher.txt
2025-11-26 16:13:02 file sensors/radar/sam_radar.txt
2025-11-26 16:13:02 file weapons/sam/sam.txt
2025-11-26 16:13:02 file zones/red_zone.txt
2025-11-26 16:13:02 file zones/green_zone.txt
2025-11-26 16:13:02 file zones/purple_zone.txt
2025-11-26 16:13:02 file D:\application\afsim2.9_src\demos\wargame\zones/blue_zone.txt
2025-11-26 16:13:02 file D:\application\afsim2.9_src\demos\wargame\scenario/laydowns/red.txt
2025-11-26 16:13:02 file D:\application\afsim2.9_src\demos\wargame\scenario/laydowns/green.txt
2025-11-26 16:13:02 file D:\application\afsim2.9_src\demos\wargame\scenario/laydowns/purple.txt
2025-11-26 16:13:02 start 1
2025-11-26 16:14:08 complete 7200.000 65.873 76.031
