2023-06-26 13:09:34 file OAB_mrc_erc.txt
2023-06-26 13:09:34 version wsf 2.9.0
2023-06-26 13:09:34 file OAB_mrc_erc.txt
2023-06-26 13:09:34 file event_pipe.txt
2023-06-26 13:09:34 file event_output.txt
2023-06-26 13:09:34 file platforms/blue_prop_awacs_1.txt
2023-06-26 13:09:34 file ./platforms/timed_ac.txt
2023-06-26 13:09:34 file ./processors/station_timer.txt
2023-06-26 13:09:34 file ./processors/onstation.txt
2023-06-26 13:09:34 file ./platforms/blue_comm.txt
2023-06-26 13:09:34 file platforms/blue_multirole_fighter_2.txt
2023-06-26 13:09:34 file ../base_types/weapons/aam/blue_lr_a2a_rf_missile.txt
2023-06-26 13:09:34 file ../base_types/weapons/aam/blue_sr_a2a_ir_missile.txt
2023-06-26 13:09:34 file ../base_types/sensors/radar/blue_a2a_radar.txt
2023-06-26 13:09:34 file ../base_types/sensors/esm_rwr/generic_esm_sensor.txt
2023-06-26 13:09:34 file ../base_types/weapons/aam/simple_a2a_missile.txt
2023-06-26 13:09:34 file ..\base_types\weapons\aam\blue_sr_a2a_ir_missile_ata_launch_computer_alt10kft_0.6mach.txt
2023-06-26 13:09:34 file ./sensors/radar/geo_aa_radar.txt
2023-06-26 13:09:34 file ./processors/blue_multirole_fighter_2_task_processor.txt
2023-06-26 13:09:34 file platforms/blue_multirole_fighter_2_erc.txt
2023-06-26 13:09:34 file platforms/blue_multirole_fighter_2_mrc.txt
2023-06-26 13:09:34 file platforms/cvn.txt
2023-06-26 13:09:34 file ./processors/cvn_task_processor.txt
2023-06-26 13:09:34 file platforms/bomber.txt
2023-06-26 13:09:34 file scenarios/routes.txt
2023-06-26 13:09:34 file scenarios/cvbg.txt
2023-06-26 13:09:34 file scenarios/bombers.txt
2023-06-26 13:09:34 AER output file: output/outer_air_battle-mrc-erc.aer
2023-06-26 13:09:34 Event output file: output/outer_air_battle-mrc-erc.evt
2023-06-26 13:09:34 start 1
2023-06-26 13:10:47 complete 21600.000 73.471 73.766
