2026-01-05 15:13:01 file escort.txt
2026-01-05 15:13:01 version wsf 2.9.0
2026-01-05 15:13:01 file escort.txt
2026-01-05 15:13:01 file _common.txt
2026-01-05 15:13:01 file scenarios/escort.txt
2026-01-05 15:13:01 file ./platforms/escort.txt
2026-01-05 15:13:01 file ./processors/sensor_cue_processor.txt
2026-01-05 15:13:01 file ./sensors/radar/aesa.txt
2026-01-05 15:13:01 file ./sensors/radar/aesa_antenna.txt
2026-01-05 15:13:01 file ./sensors/esm_rwr/esm.txt
2026-01-05 15:13:01 file ./platforms/brawler_test.txt
2026-01-05 15:13:01 file ./rules/brawler_script_util.txt
2026-01-05 15:13:01 file ./processors/uplink.txt
2026-01-05 15:13:01 file ./rules/rultype_change.txt
2026-01-05 15:13:01 file ./prdata/rules_utils.txt
2026-01-05 15:13:01 file ./rules/ftr_rules.txt
2026-01-05 15:13:01 file ./rules/route_rules.txt
2026-01-05 15:13:01 file ./rules/orbit_rules.txt
2026-01-05 15:13:01 file ./rules/intercept_rules.txt
2026-01-05 15:13:01 file ./rules/select_wpn.txt
2026-01-05 15:13:01 file ./rules/shoot_it.txt
2026-01-05 15:13:01 file ./rules/sam_shoot_it.txt
2026-01-05 15:13:01 file ./rules/ingress.txt
2026-01-05 15:13:01 file ./rules/direct.txt
2026-01-05 15:13:01 file ./rules/vectoring.txt
2026-01-05 15:13:01 file ./rules/sam_vctr.txt
2026-01-05 15:13:01 file ./rules/reaction.txt
2026-01-05 15:13:01 file ./rules/pump.txt
2026-01-05 15:13:01 file ./rules/pump_in.txt
2026-01-05 15:13:01 file ./rules/crank.txt
2026-01-05 15:13:01 file ./rules/merge.txt
2026-01-05 15:13:01 file ./rules/egress.txt
2026-01-05 15:13:01 file ./rules/ezja_script_variables.txt
2026-01-05 15:13:01 file ./processors/assessment_scripts.txt
2026-01-05 15:13:01 file ./weapons/aam/medium_range_radar_missile.txt
2026-01-05 15:13:01 file weapons\aam\mrm_lc.txt
2026-01-05 15:13:01 file ./weapons/aam/short_range_ir_missile.txt
2026-01-05 15:13:01 file weapons\aam\./srm_lc.txt
2026-01-05 15:13:01 file ./prdata/escort.txt
2026-01-05 15:13:01 file ./platforms/dca.txt
2026-01-05 15:13:01 file ./prdata/dca.txt
2026-01-05 15:13:01 file observer.txt
2026-01-05 15:13:01 file observer_utils.txt
2026-01-05 15:13:01 file sensor_observer.txt
2026-01-05 15:13:01 file weapons\aam\./mrm_launch_computer_table.1.1.txt
2026-01-05 15:13:01 file weapons\aam\./srm_launch_computer_table.1.1.txt
2026-01-05 15:13:02 AER output file: output/escort.aer
2026-01-05 15:13:02 Event output file: output/escort.evt
2026-01-05 15:13:02 start 1
2026-01-05 15:16:18 complete 3600.000 196.295 390.875
