demo_coverage
state_grid
2
2
revisit_states, simple_states
WSF_REVISIT_TIME_MOE, WSF_SIMPLE_COVERAGE_MOE
Mean Gap Time [s], Simple Coverage
state_grid_fl_grid, 13, 15
0, 11, 24.546412, -81.979779, 1.000000, 1303.333333, 1.000000
2, 13, 25.546412, -80.979779, 1.000000, 1300.000000, 1.000000
2, 14, 25.546412, -80.479779, 1.000000, 1303.333333, 1.000000
3, 12, 26.046412, -81.479779, 1.000000, 1296.666667, 1.000000
3, 13, 26.046412, -80.979779, 1.000000, 1300.000000, 1.000000
3, 14, 26.046412, -80.479779, 1.000000, 1300.000000, 1.000000
4, 11, 26.546412, -81.979779, 1.000000, 1300.000000, 1.000000
4, 12, 26.546412, -81.479779, 1.000000, 1300.000000, 1.000000
4, 13, 26.546412, -80.979779, 1.000000, 1296.666667, 1.000000
4, 14, 26.546412, -80.479779, 1.000000, 1300.000000, 1.000000
5, 11, 27.046412, -81.979779, 1.000000, 1300.000000, 1.000000
5, 12, 27.046412, -81.479779, 1.000000, 1300.000000, 1.000000
5, 13, 27.046412, -80.979779, 1.000000, 1296.666667, 1.000000
5, 14, 27.046412, -80.479779, 1.000000, 1303.333333, 1.000000
6, 10, 27.546412, -82.479779, 1.000000, 1303.333333, 1.000000
6, 11, 27.546412, -81.979779, 1.000000, 1303.333333, 1.000000
6, 12, 27.546412, -81.479779, 1.000000, 1300.000000, 1.000000
6, 13, 27.546412, -80.979779, 1.000000, 1300.000000, 1.000000
6, 14, 27.546412, -80.479779, 1.000000, 1303.333333, 1.000000
7, 10, 28.046412, -82.479779, 1.000000, 1303.333333, 1.000000
7, 11, 28.046412, -81.979779, 1.000000, 1300.000000, 1.000000
7, 12, 28.046412, -81.479779, 1.000000, 1296.666667, 1.000000
7, 13, 28.046412, -80.979779, 1.000000, 1300.000000, 1.000000
8, 10, 28.546412, -82.479779, 1.000000, 1303.333333, 1.000000
8, 11, 28.546412, -81.979779, 1.000000, 1300.000000, 1.000000
8, 12, 28.546412, -81.479779, 1.000000, 1296.666667, 1.000000
8, 13, 28.546412, -80.979779, 1.000000, 1300.000000, 1.000000
9, 10, 29.046412, -82.479779, 1.000000, 1303.333333, 1.000000
9, 11, 29.046412, -81.979779, 1.000000, 1300.000000, 1.000000
9, 12, 29.046412, -81.479779, 1.000000, 1296.666667, 1.000000
9, 13, 29.046412, -80.979779, 1.000000, 1296.666667, 1.000000
10, 9, 29.546412, -82.979779, 1.000000, 1296.666667, 1.000000
10, 10, 29.546412, -82.479779, 1.000000, 972.500000, 1.000000
10, 11, 29.546412, -81.979779, 1.000000, 1303.333333, 1.000000
10, 12, 29.546412, -81.479779, 1.000000, 1300.000000, 1.000000
11, 4, 30.046412, -85.479779, 1.000000, 1300.000000, 1.000000
11, 5, 30.046412, -84.979779, 1.000000, 1296.666667, 1.000000
11, 6, 30.046412, -84.479779, 1.000000, 975.000000, 1.000000
11, 7, 30.046412, -83.979779, 1.000000, 1300.000000, 1.000000
11, 8, 30.046412, -83.479779, 1.000000, 1300.000000, 1.000000
11, 9, 30.046412, -82.979779, 1.000000, 1296.666667, 1.000000
11, 10, 30.046412, -82.479779, 1.000000, 972.500000, 1.000000
11, 11, 30.046412, -81.979779, 1.000000, 1300.000000, 1.000000
11, 12, 30.046412, -81.479779, 1.000000, 1300.000000, 1.000000
12, 1, 30.546412, -86.979779, 1.000000, 1975.000000, 1.000000
12, 2, 30.546412, -86.479779, 1.000000, 1306.666667, 1.000000
12, 3, 30.546412, -85.979779, 1.000000, 1300.000000, 1.000000
12, 4, 30.546412, -85.479779, 1.000000, 1300.000000, 1.000000
12, 5, 30.546412, -84.979779, 1.000000, 1300.000000, 1.000000
12, 6, 30.546412, -84.479779, 1.000000, 975.000000, 1.000000
12, 7, 30.546412, -83.979779, 1.000000, 1303.333333, 1.000000
12, 8, 30.546412, -83.479779, 1.000000, 1296.666667, 1.000000
12, 9, 30.546412, -82.979779, 1.000000, 1296.666667, 1.000000
12, 10, 30.546412, -82.479779, 1.000000, 972.500000, 1.000000
12, 11, 30.546412, -81.979779, 1.000000, 1300.000000, 1.000000
12, 12, 30.546412, -81.479779, 1.000000, 1296.666667, 1.000000
0, 0, 24.546412, -87.479779, 1.000000, 4000.000000, 0.000000
0, 1, 24.546412, -86.979779, 1.000000, 4000.000000, 0.000000
0, 2, 24.546412, -86.479779, 1.000000, 4000.000000, 0.000000
0, 3, 24.546412, -85.979779, 1.000000, 4000.000000, 0.000000
0, 4, 24.546412, -85.479779, 1.000000, 4000.000000, 0.000000
0, 5, 24.546412, -84.979779, 1.000000, 4000.000000, 0.000000
0, 6, 24.546412, -84.479779, 1.000000, 4000.000000, 0.000000
0, 7, 24.546412, -83.979779, 1.000000, 4000.000000, 0.000000
0, 8, 24.546412, -83.479779, 1.000000, 4000.000000, 0.000000
0, 9, 24.546412, -82.979779, 1.000000, 4000.000000, 0.000000
0, 10, 24.546412, -82.479779, 1.000000, 4000.000000, 0.000000
0, 12, 24.546412, -81.479779, 1.000000, 4000.000000, 0.000000
0, 13, 24.546412, -80.979779, 1.000000, 4000.000000, 0.000000
0, 14, 24.546412, -80.479779, 1.000000, 4000.000000, 0.000000
1, 0, 25.046412, -87.479779, 1.000000, 4000.000000, 0.000000
1, 1, 25.046412, -86.979779, 1.000000, 4000.000000, 0.000000
1, 2, 25.046412, -86.479779, 1.000000, 4000.000000, 0.000000
1, 3, 25.046412, -85.979779, 1.000000, 4000.000000, 0.000000
1, 4, 25.046412, -85.479779, 1.000000, 4000.000000, 0.000000
1, 5, 25.046412, -84.979779, 1.000000, 4000.000000, 0.000000
1, 6, 25.046412, -84.479779, 1.000000, 4000.000000, 0.000000
1, 7, 25.046412, -83.979779, 1.000000, 4000.000000, 0.000000
1, 8, 25.046412, -83.479779, 1.000000, 4000.000000, 0.000000
1, 9, 25.046412, -82.979779, 1.000000, 4000.000000, 0.000000
1, 10, 25.046412, -82.479779, 1.000000, 4000.000000, 0.000000
1, 11, 25.046412, -81.979779, 1.000000, 4000.000000, 0.000000
1, 12, 25.046412, -81.479779, 1.000000, 4000.000000, 0.000000
1, 13, 25.046412, -80.979779, 1.000000, 4000.000000, 0.000000
1, 14, 25.046412, -80.479779, 1.000000, 4000.000000, 0.000000
2, 0, 25.546412, -87.479779, 1.000000, 4000.000000, 0.000000
2, 1, 25.546412, -86.979779, 1.000000, 4000.000000, 0.000000
2, 2, 25.546412, -86.479779, 1.000000, 4000.000000, 0.000000
2, 3, 25.546412, -85.979779, 1.000000, 4000.000000, 0.000000
2, 4, 25.546412, -85.479779, 1.000000, 4000.000000, 0.000000
2, 5, 25.546412, -84.979779, 1.000000, 4000.000000, 0.000000
2, 6, 25.546412, -84.479779, 1.000000, 4000.000000, 0.000000
2, 7, 25.546412, -83.979779, 1.000000, 4000.000000, 0.000000
2, 8, 25.546412, -83.479779, 1.000000, 4000.000000, 0.000000
2, 9, 25.546412, -82.979779, 1.000000, 4000.000000, 0.000000
2, 10, 25.546412, -82.479779, 1.000000, 4000.000000, 0.000000
2, 11, 25.546412, -81.979779, 1.000000, 4000.000000, 0.000000
2, 12, 25.546412, -81.479779, 1.000000, 4000.000000, 0.000000
3, 0, 26.046412, -87.479779, 1.000000, 4000.000000, 0.000000
3, 1, 26.046412, -86.979779, 1.000000, 4000.000000, 0.000000
3, 2, 26.046412, -86.479779, 1.000000, 4000.000000, 0.000000
3, 3, 26.046412, -85.979779, 1.000000, 4000.000000, 0.000000
3, 4, 26.046412, -85.479779, 1.000000, 4000.000000, 0.000000
3, 5, 26.046412, -84.979779, 1.000000, 4000.000000, 0.000000
3, 6, 26.046412, -84.479779, 1.000000, 4000.000000, 0.000000
3, 7, 26.046412, -83.979779, 1.000000, 4000.000000, 0.000000
3, 8, 26.046412, -83.479779, 1.000000, 4000.000000, 0.000000
3, 9, 26.046412, -82.979779, 1.000000, 4000.000000, 0.000000
3, 10, 26.046412, -82.479779, 1.000000, 4000.000000, 0.000000
3, 11, 26.046412, -81.979779, 1.000000, 4000.000000, 0.000000
4, 0, 26.546412, -87.479779, 1.000000, 4000.000000, 0.000000
4, 1, 26.546412, -86.979779, 1.000000, 4000.000000, 0.000000
4, 2, 26.546412, -86.479779, 1.000000, 4000.000000, 0.000000
4, 3, 26.546412, -85.979779, 1.000000, 4000.000000, 0.000000
4, 4, 26.546412, -85.479779, 1.000000, 4000.000000, 0.000000
4, 5, 26.546412, -84.979779, 1.000000, 4000.000000, 0.000000
4, 6, 26.546412, -84.479779, 1.000000, 4000.000000, 0.000000
4, 7, 26.546412, -83.979779, 1.000000, 4000.000000, 0.000000
4, 8, 26.546412, -83.479779, 1.000000, 4000.000000, 0.000000
4, 9, 26.546412, -82.979779, 1.000000, 4000.000000, 0.000000
4, 10, 26.546412, -82.479779, 1.000000, 4000.000000, 0.000000
5, 0, 27.046412, -87.479779, 1.000000, 4000.000000, 0.000000
5, 1, 27.046412, -86.979779, 1.000000, 4000.000000, 0.000000
5, 2, 27.046412, -86.479779, 1.000000, 4000.000000, 0.000000
5, 3, 27.046412, -85.979779, 1.000000, 4000.000000, 0.000000
5, 4, 27.046412, -85.479779, 1.000000, 4000.000000, 0.000000
5, 5, 27.046412, -84.979779, 1.000000, 4000.000000, 0.000000
5, 6, 27.046412, -84.479779, 1.000000, 4000.000000, 0.000000
5, 7, 27.046412, -83.979779, 1.000000, 4000.000000, 0.000000
5, 8, 27.046412, -83.479779, 1.000000, 4000.000000, 0.000000
5, 9, 27.046412, -82.979779, 1.000000, 4000.000000, 0.000000
5, 10, 27.046412, -82.479779, 1.000000, 4000.000000, 0.000000
6, 0, 27.546412, -87.479779, 1.000000, 4000.000000, 0.000000
6, 1, 27.546412, -86.979779, 1.000000, 4000.000000, 0.000000
6, 2, 27.546412, -86.479779, 1.000000, 4000.000000, 0.000000
6, 3, 27.546412, -85.979779, 1.000000, 4000.000000, 0.000000
6, 4, 27.546412, -85.479779, 1.000000, 4000.000000, 0.000000
6, 5, 27.546412, -84.979779, 1.000000, 4000.000000, 0.000000
6, 6, 27.546412, -84.479779, 1.000000, 4000.000000, 0.000000
6, 7, 27.546412, -83.979779, 1.000000, 4000.000000, 0.000000
6, 8, 27.546412, -83.479779, 1.000000, 4000.000000, 0.000000
6, 9, 27.546412, -82.979779, 1.000000, 4000.000000, 0.000000
7, 0, 28.046412, -87.479779, 1.000000, 4000.000000, 0.000000
7, 1, 28.046412, -86.979779, 1.000000, 4000.000000, 0.000000
7, 2, 28.046412, -86.479779, 1.000000, 4000.000000, 0.000000
7, 3, 28.046412, -85.979779, 1.000000, 4000.000000, 0.000000
7, 4, 28.046412, -85.479779, 1.000000, 4000.000000, 0.000000
7, 5, 28.046412, -84.979779, 1.000000, 4000.000000, 0.000000
7, 6, 28.046412, -84.479779, 1.000000, 4000.000000, 0.000000
7, 7, 28.046412, -83.979779, 1.000000, 4000.000000, 0.000000
7, 8, 28.046412, -83.479779, 1.000000, 4000.000000, 0.000000
7, 9, 28.046412, -82.979779, 1.000000, 4000.000000, 0.000000
7, 14, 28.046412, -80.479779, 1.000000, 4000.000000, 0.000000
8, 0, 28.546412, -87.479779, 1.000000, 4000.000000, 0.000000
8, 1, 28.546412, -86.979779, 1.000000, 4000.000000, 0.000000
8, 2, 28.546412, -86.479779, 1.000000, 4000.000000, 0.000000
8, 3, 28.546412, -85.979779, 1.000000, 4000.000000, 0.000000
8, 4, 28.546412, -85.479779, 1.000000, 4000.000000, 0.000000
8, 5, 28.546412, -84.979779, 1.000000, 4000.000000, 0.000000
8, 6, 28.546412, -84.479779, 1.000000, 4000.000000, 0.000000
8, 7, 28.546412, -83.979779, 1.000000, 4000.000000, 0.000000
8, 8, 28.546412, -83.479779, 1.000000, 4000.000000, 0.000000
8, 9, 28.546412, -82.979779, 1.000000, 4000.000000, 0.000000
8, 14, 28.546412, -80.479779, 1.000000, 4000.000000, 0.000000
9, 0, 29.046412, -87.479779, 1.000000, 4000.000000, 0.000000
9, 1, 29.046412, -86.979779, 1.000000, 4000.000000, 0.000000
9, 2, 29.046412, -86.479779, 1.000000, 4000.000000, 0.000000
9, 3, 29.046412, -85.979779, 1.000000, 4000.000000, 0.000000
9, 4, 29.046412, -85.479779, 1.000000, 4000.000000, 0.000000
9, 5, 29.046412, -84.979779, 1.000000, 4000.000000, 0.000000
9, 6, 29.046412, -84.479779, 1.000000, 4000.000000, 0.000000
9, 7, 29.046412, -83.979779, 1.000000, 4000.000000, 0.000000
9, 8, 29.046412, -83.479779, 1.000000, 4000.000000, 0.000000
9, 9, 29.046412, -82.979779, 1.000000, 4000.000000, 0.000000
9, 14, 29.046412, -80.479779, 1.000000, 4000.000000, 0.000000
10, 0, 29.546412, -87.479779, 1.000000, 4000.000000, 0.000000
10, 1, 29.546412, -86.979779, 1.000000, 4000.000000, 0.000000
10, 2, 29.546412, -86.479779, 1.000000, 4000.000000, 0.000000
10, 3, 29.546412, -85.979779, 1.000000, 4000.000000, 0.000000
10, 4, 29.546412, -85.479779, 1.000000, 4000.000000, 0.000000
10, 5, 29.546412, -84.979779, 1.000000, 4000.000000, 0.000000
10, 6, 29.546412, -84.479779, 1.000000, 4000.000000, 0.000000
10, 7, 29.546412, -83.979779, 1.000000, 4000.000000, 0.000000
10, 8, 29.546412, -83.479779, 1.000000, 4000.000000, 0.000000
10, 13, 29.546412, -80.979779, 1.000000, 4000.000000, 0.000000
10, 14, 29.546412, -80.479779, 1.000000, 4000.000000, 0.000000
11, 0, 30.046412, -87.479779, 1.000000, 4000.000000, 0.000000
11, 1, 30.046412, -86.979779, 1.000000, 4000.000000, 0.000000
11, 2, 30.046412, -86.479779, 1.000000, 4000.000000, 0.000000
11, 3, 30.046412, -85.979779, 1.000000, 4000.000000, 0.000000
11, 13, 30.046412, -80.979779, 1.000000, 4000.000000, 0.000000
11, 14, 30.046412, -80.479779, 1.000000, 4000.000000, 0.000000
12, 0, 30.546412, -87.479779, 1.000000, 4000.000000, 0.000000
12, 13, 30.546412, -80.979779, 1.000000, 4000.000000, 0.000000
12, 14, 30.546412, -80.479779, 1.000000, 4000.000000, 0.000000
state_grid_tx_grid, 11, 13
0, 8, 26.480523, -98.337897, 1.000000, 4000.000000, 0.000000
0, 9, 26.480523, -97.337897, 1.000000, 4000.000000, 0.000000
1, 7, 27.480523, -99.337897, 1.000000, 1985.000000, 1.000000
1, 8, 27.480523, -98.337897, 1.000000, 4000.000000, 0.000000
2, 7, 28.480523, -99.337897, 1.000000, 1990.000000, 1.000000
2, 8, 28.480523, -98.337897, 1.000000, 4000.000000, 0.000000
2, 9, 28.480523, -97.337897, 1.000000, 4000.000000, 0.000000
2, 10, 28.480523, -96.337897, 1.000000, 4000.000000, 0.000000
3, 3, 29.480523, -103.337897, 1.000000, 975.000000, 1.000000
3, 6, 29.480523, -100.337897, 1.000000, 1975.000000, 1.000000
3, 7, 29.480523, -99.337897, 1.000000, 1990.000000, 1.000000
3, 8, 29.480523, -98.337897, 1.000000, 4000.000000, 0.000000
3, 9, 29.480523, -97.337897, 1.000000, 4000.000000, 0.000000
3, 10, 29.480523, -96.337897, 1.000000, 4000.000000, 0.000000
3, 11, 29.480523, -95.337897, 1.000000, 4000.000000, 0.000000
4, 2, 30.480523, -104.337897, 1.000000, 1300.000000, 1.000000
4, 3, 30.480523, -103.337897, 1.000000, 975.000000, 1.000000
4, 4, 30.480523, -102.337897, 1.000000, 1300.000000, 1.000000
4, 5, 30.480523, -101.337897, 1.000000, 1306.666667, 1.000000
4, 6, 30.480523, -100.337897, 1.000000, 1975.000000, 1.000000
4, 7, 30.480523, -99.337897, 1.000000, 1990.000000, 1.000000
4, 8, 30.480523, -98.337897, 1.000000, 4000.000000, 0.000000
4, 9, 30.480523, -97.337897, 1.000000, 4000.000000, 0.000000
4, 10, 30.480523, -96.337897, 1.000000, 4000.000000, 0.000000
4, 11, 30.480523, -95.337897, 1.000000, 4000.000000, 0.000000
4, 12, 30.480523, -94.337897, 1.000000, 4000.000000, 0.000000
5, 1, 31.480523, -105.337897, 1.000000, 970.000000, 1.000000
5, 2, 31.480523, -104.337897, 1.000000, 1300.000000, 1.000000
5, 3, 31.480523, -103.337897, 1.000000, 972.500000, 1.000000
5, 4, 31.480523, -102.337897, 1.000000, 1296.666667, 1.000000
5, 5, 31.480523, -101.337897, 1.000000, 1306.666667, 1.000000
5, 6, 31.480523, -100.337897, 1.000000, 1975.000000, 1.000000
5, 7, 31.480523, -99.337897, 1.000000, 1990.000000, 1.000000
5, 8, 31.480523, -98.337897, 1.000000, 4000.000000, 0.000000
5, 9, 31.480523, -97.337897, 1.000000, 4000.000000, 0.000000
5, 10, 31.480523, -96.337897, 1.000000, 4000.000000, 0.000000
5, 11, 31.480523, -95.337897, 1.000000, 4000.000000, 0.000000
5, 12, 31.480523, -94.337897, 1.000000, 4000.000000, 0.000000
6, 4, 32.480523, -102.337897, 1.000000, 1296.666667, 1.000000
6, 5, 32.480523, -101.337897, 1.000000, 1306.666667, 1.000000
6, 6, 32.480523, -100.337897, 1.000000, 1975.000000, 1.000000
6, 7, 32.480523, -99.337897, 1.000000, 1990.000000, 1.000000
6, 8, 32.480523, -98.337897, 1.000000, 4000.000000, 0.000000
6, 9, 32.480523, -97.337897, 1.000000, 4000.000000, 0.000000
6, 10, 32.480523, -96.337897, 1.000000, 4000.000000, 0.000000
6, 11, 32.480523, -95.337897, 1.000000, 4000.000000, 0.000000
6, 12, 32.480523, -94.337897, 1.000000, 4000.000000, 0.000000
7, 4, 33.480523, -102.337897, 1.000000, 1300.000000, 1.000000
7, 5, 33.480523, -101.337897, 1.000000, 1310.000000, 1.000000
7, 6, 33.480523, -100.337897, 1.000000, 1975.000000, 1.000000
7, 7, 33.480523, -99.337897, 1.000000, 1995.000000, 1.000000
7, 8, 33.480523, -98.337897, 1.000000, 4000.000000, 0.000000
7, 9, 33.480523, -97.337897, 1.000000, 4000.000000, 0.000000
7, 10, 33.480523, -96.337897, 1.000000, 4000.000000, 0.000000
7, 11, 33.480523, -95.337897, 1.000000, 4000.000000, 0.000000
7, 12, 33.480523, -94.337897, 1.000000, 4000.000000, 0.000000
8, 4, 34.480523, -102.337897, 1.000000, 1296.666667, 1.000000
8, 5, 34.480523, -101.337897, 1.000000, 1970.000000, 1.000000
8, 6, 34.480523, -100.337897, 1.000000, 1970.000000, 1.000000
9, 4, 35.480523, -102.337897, 1.000000, 1296.666667, 1.000000
9, 5, 35.480523, -101.337897, 1.000000, 1970.000000, 1.000000
9, 6, 35.480523, -100.337897, 1.000000, 1975.000000, 1.000000
10, 4, 36.480523, -102.337897, 1.000000, 1300.000000, 1.000000
10, 5, 36.480523, -101.337897, 1.000000, 1975.000000, 1.000000
10, 6, 36.480523, -100.337897, 1.000000, 1980.000000, 1.000000
0, 0, 26.480523, -106.337897, 1.000000, 4000.000000, 0.000000
0, 1, 26.480523, -105.337897, 1.000000, 4000.000000, 0.000000
0, 2, 26.480523, -104.337897, 1.000000, 4000.000000, 0.000000
0, 3, 26.480523, -103.337897, 1.000000, 4000.000000, 0.000000
0, 4, 26.480523, -102.337897, 1.000000, 4000.000000, 0.000000
0, 5, 26.480523, -101.337897, 1.000000, 4000.000000, 0.000000
0, 6, 26.480523, -100.337897, 1.000000, 4000.000000, 0.000000
0, 7, 26.480523, -99.337897, 1.000000, 4000.000000, 0.000000
0, 10, 26.480523, -96.337897, 1.000000, 4000.000000, 0.000000
0, 11, 26.480523, -95.337897, 1.000000, 4000.000000, 0.000000
0, 12, 26.480523, -94.337897, 1.000000, 4000.000000, 0.000000
1, 0, 27.480523, -106.337897, 1.000000, 4000.000000, 0.000000
1, 1, 27.480523, -105.337897, 1.000000, 4000.000000, 0.000000
1, 2, 27.480523, -104.337897, 1.000000, 4000.000000, 0.000000
1, 3, 27.480523, -103.337897, 1.000000, 4000.000000, 0.000000
1, 4, 27.480523, -102.337897, 1.000000, 4000.000000, 0.000000
1, 5, 27.480523, -101.337897, 1.000000, 4000.000000, 0.000000
1, 6, 27.480523, -100.337897, 1.000000, 4000.000000, 0.000000
1, 9, 27.480523, -97.337897, 1.000000, 4000.000000, 0.000000
1, 10, 27.480523, -96.337897, 1.000000, 4000.000000, 0.000000
1, 11, 27.480523, -95.337897, 1.000000, 4000.000000, 0.000000
1, 12, 27.480523, -94.337897, 1.000000, 4000.000000, 0.000000
2, 0, 28.480523, -106.337897, 1.000000, 4000.000000, 0.000000
2, 1, 28.480523, -105.337897, 1.000000, 4000.000000, 0.000000
2, 2, 28.480523, -104.337897, 1.000000, 4000.000000, 0.000000
2, 3, 28.480523, -103.337897, 1.000000, 4000.000000, 0.000000
2, 4, 28.480523, -102.337897, 1.000000, 4000.000000, 0.000000
2, 5, 28.480523, -101.337897, 1.000000, 4000.000000, 0.000000
2, 6, 28.480523, -100.337897, 1.000000, 4000.000000, 0.000000
2, 11, 28.480523, -95.337897, 1.000000, 4000.000000, 0.000000
2, 12, 28.480523, -94.337897, 1.000000, 4000.000000, 0.000000
3, 0, 29.480523, -106.337897, 1.000000, 4000.000000, 0.000000
3, 1, 29.480523, -105.337897, 1.000000, 4000.000000, 0.000000
3, 2, 29.480523, -104.337897, 1.000000, 4000.000000, 0.000000
3, 4, 29.480523, -102.337897, 1.000000, 4000.000000, 0.000000
3, 5, 29.480523, -101.337897, 1.000000, 4000.000000, 0.000000
3, 12, 29.480523, -94.337897, 1.000000, 4000.000000, 0.000000
4, 0, 30.480523, -106.337897, 1.000000, 4000.000000, 0.000000
4, 1, 30.480523, -105.337897, 1.000000, 4000.000000, 0.000000
5, 0, 31.480523, -106.337897, 1.000000, 4000.000000, 0.000000
6, 0, 32.480523, -106.337897, 1.000000, 4000.000000, 0.000000
6, 1, 32.480523, -105.337897, 1.000000, 4000.000000, 0.000000
6, 2, 32.480523, -104.337897, 1.000000, 4000.000000, 0.000000
6, 3, 32.480523, -103.337897, 1.000000, 4000.000000, 0.000000
7, 0, 33.480523, -106.337897, 1.000000, 4000.000000, 0.000000
7, 1, 33.480523, -105.337897, 1.000000, 4000.000000, 0.000000
7, 2, 33.480523, -104.337897, 1.000000, 4000.000000, 0.000000
7, 3, 33.480523, -103.337897, 1.000000, 4000.000000, 0.000000
8, 0, 34.480523, -106.337897, 1.000000, 4000.000000, 0.000000
8, 1, 34.480523, -105.337897, 1.000000, 4000.000000, 0.000000
8, 2, 34.480523, -104.337897, 1.000000, 4000.000000, 0.000000
8, 3, 34.480523, -103.337897, 1.000000, 4000.000000, 0.000000
8, 7, 34.480523, -99.337897, 1.000000, 4000.000000, 0.000000
8, 8, 34.480523, -98.337897, 1.000000, 4000.000000, 0.000000
8, 9, 34.480523, -97.337897, 1.000000, 4000.000000, 0.000000
8, 10, 34.480523, -96.337897, 1.000000, 4000.000000, 0.000000
8, 11, 34.480523, -95.337897, 1.000000, 4000.000000, 0.000000
8, 12, 34.480523, -94.337897, 1.000000, 4000.000000, 0.000000
9, 0, 35.480523, -106.337897, 1.000000, 4000.000000, 0.000000
9, 1, 35.480523, -105.337897, 1.000000, 4000.000000, 0.000000
9, 2, 35.480523, -104.337897, 1.000000, 4000.000000, 0.000000
9, 3, 35.480523, -103.337897, 1.000000, 4000.000000, 0.000000
9, 7, 35.480523, -99.337897, 1.000000, 4000.000000, 0.000000
9, 8, 35.480523, -98.337897, 1.000000, 4000.000000, 0.000000
9, 9, 35.480523, -97.337897, 1.000000, 4000.000000, 0.000000
9, 10, 35.480523, -96.337897, 1.000000, 4000.000000, 0.000000
9, 11, 35.480523, -95.337897, 1.000000, 4000.000000, 0.000000
9, 12, 35.480523, -94.337897, 1.000000, 4000.000000, 0.000000
10, 0, 36.480523, -106.337897, 1.000000, 4000.000000, 0.000000
10, 1, 36.480523, -105.337897, 1.000000, 4000.000000, 0.000000
10, 2, 36.480523, -104.337897, 1.000000, 4000.000000, 0.000000
10, 3, 36.480523, -103.337897, 1.000000, 4000.000000, 0.000000
10, 7, 36.480523, -99.337897, 1.000000, 4000.000000, 0.000000
10, 8, 36.480523, -98.337897, 1.000000, 4000.000000, 0.000000
10, 9, 36.480523, -97.337897, 1.000000, 4000.000000, 0.000000
10, 10, 36.480523, -96.337897, 1.000000, 4000.000000, 0.000000
10, 11, 36.480523, -95.337897, 1.000000, 4000.000000, 0.000000
10, 12, 36.480523, -94.337897, 1.000000, 4000.000000, 0.000000
