conus_coverage
conusgrid
1
3
revisit_conus_max, revisit_conus_mean, simple_conus
WSF_REVISIT_TIME_MOE, WSF_REVISIT_TIME_MOE, WSF_SIMPLE_COVERAGE_MOE
Max. Gap Time [s], Mean Gap Time [s], Simple Coverage
conusgrid, 6, 15
0, 6, 27.531672, -99.128869, 0.000000, 360.000000, 360.000000, 0.000000
1, 3, 31.531672, -111.128869, 0.000000, 360.000000, 360.000000, 0.000000
1, 5, 31.531672, -103.128869, 0.000000, 60.000000, 60.000000, 1.000000
1, 6, 31.531672, -99.128869, 0.000000, 360.000000, 360.000000, 0.000000
1, 7, 31.531672, -95.128869, 0.000000, 360.000000, 360.000000, 0.000000
1, 8, 31.531672, -91.128869, 0.000000, 360.000000, 360.000000, 0.000000
1, 9, 31.531672, -87.128869, 0.000000, 360.000000, 360.000000, 0.000000
1, 10, 31.531672, -83.128869, 0.000000, 267.272727, 267.272727, 1.000000
2, 1, 35.531672, -119.128869, 0.000000, 360.000000, 360.000000, 0.000000
2, 2, 35.531672, -115.128869, 0.000000, 360.000000, 360.000000, 0.000000
2, 3, 35.531672, -111.128869, 0.000000, 360.000000, 360.000000, 0.000000
2, 4, 35.531672, -107.128869, 0.000000, 327.272727, 327.272727, 1.000000
2, 5, 35.531672, -103.128869, 0.000000, 360.000000, 360.000000, 0.000000
2, 6, 35.531672, -99.128869, 0.000000, 360.000000, 360.000000, 0.000000
2, 7, 35.531672, -95.128869, 0.000000, 360.000000, 360.000000, 0.000000
2, 8, 35.531672, -91.128869, 0.000000, 360.000000, 360.000000, 0.000000
2, 9, 35.531672, -87.128869, 0.000000, 360.000000, 360.000000, 0.000000
2, 10, 35.531672, -83.128869, 0.000000, 360.000000, 360.000000, 0.000000
2, 11, 35.531672, -79.128869, 0.000000, 360.000000, 360.000000, 0.000000
3, 0, 39.531672, -123.128869, 0.000000, 360.000000, 360.000000, 0.000000
3, 1, 39.531672, -119.128869, 0.000000, 360.000000, 360.000000, 0.000000
3, 2, 39.531672, -115.128869, 0.000000, 360.000000, 360.000000, 0.000000
3, 3, 39.531672, -111.128869, 0.000000, 360.000000, 360.000000, 0.000000
3, 4, 39.531672, -107.128869, 0.000000, 360.000000, 360.000000, 0.000000
3, 5, 39.531672, -103.128869, 0.000000, 360.000000, 360.000000, 0.000000
3, 6, 39.531672, -99.128869, 0.000000, 360.000000, 360.000000, 0.000000
3, 7, 39.531672, -95.128869, 0.000000, 360.000000, 360.000000, 0.000000
3, 8, 39.531672, -91.128869, 0.000000, 360.000000, 360.000000, 0.000000
3, 9, 39.531672, -87.128869, 0.000000, 360.000000, 360.000000, 0.000000
3, 10, 39.531672, -83.128869, 0.000000, 360.000000, 360.000000, 0.000000
3, 11, 39.531672, -79.128869, 0.000000, 360.000000, 360.000000, 0.000000
3, 12, 39.531672, -75.128869, 0.000000, 65.454545, 65.454545, 1.000000
4, 0, 43.531672, -123.128869, 0.000000, 360.000000, 360.000000, 0.000000
4, 1, 43.531672, -119.128869, 0.000000, 360.000000, 360.000000, 0.000000
4, 2, 43.531672, -115.128869, 0.000000, 360.000000, 360.000000, 0.000000
4, 3, 43.531672, -111.128869, 0.000000, 360.000000, 360.000000, 0.000000
4, 4, 43.531672, -107.128869, 0.000000, 360.000000, 360.000000, 0.000000
4, 5, 43.531672, -103.128869, 0.000000, 360.000000, 360.000000, 0.000000
4, 6, 43.531672, -99.128869, 0.000000, 360.000000, 360.000000, 0.000000
4, 7, 43.531672, -95.128869, 0.000000, 360.000000, 360.000000, 0.000000
4, 8, 43.531672, -91.128869, 0.000000, 360.000000, 360.000000, 0.000000
4, 9, 43.531672, -87.128869, 0.000000, 360.000000, 360.000000, 0.000000
4, 10, 43.531672, -83.128869, 0.000000, 360.000000, 360.000000, 0.000000
4, 12, 43.531672, -75.128869, 0.000000, 360.000000, 360.000000, 0.000000
4, 13, 43.531672, -71.128869, 0.000000, 360.000000, 360.000000, 0.000000
5, 0, 47.531672, -123.128869, 0.000000, 360.000000, 360.000000, 0.000000
5, 1, 47.531672, -119.128869, 0.000000, 174.545455, 174.545455, 1.000000
5, 2, 47.531672, -115.128869, 0.000000, 130.909091, 130.909091, 1.000000
5, 3, 47.531672, -111.128869, 0.000000, 136.363636, 136.363636, 1.000000
5, 4, 47.531672, -107.128869, 0.000000, 169.090909, 169.090909, 1.000000
5, 5, 47.531672, -103.128869, 0.000000, 360.000000, 360.000000, 0.000000
5, 6, 47.531672, -99.128869, 0.000000, 360.000000, 360.000000, 0.000000
5, 7, 47.531672, -95.128869, 0.000000, 360.000000, 360.000000, 0.000000
5, 8, 47.531672, -91.128869, 0.000000, 360.000000, 360.000000, 0.000000
5, 9, 47.531672, -87.128869, 0.000000, 360.000000, 360.000000, 0.000000
0, 0, 27.531672, -123.128869, 0.000000, 360.000000, 360.000000, 0.000000
0, 1, 27.531672, -119.128869, 0.000000, 360.000000, 360.000000, 0.000000
0, 2, 27.531672, -115.128869, 0.000000, 360.000000, 360.000000, 0.000000
0, 3, 27.531672, -111.128869, 0.000000, 360.000000, 360.000000, 0.000000
0, 4, 27.531672, -107.128869, 0.000000, 360.000000, 360.000000, 0.000000
0, 5, 27.531672, -103.128869, 0.000000, 360.000000, 360.000000, 0.000000
0, 7, 27.531672, -95.128869, 0.000000, 360.000000, 360.000000, 0.000000
0, 8, 27.531672, -91.128869, 0.000000, 360.000000, 360.000000, 0.000000
0, 9, 27.531672, -87.128869, 0.000000, 360.000000, 360.000000, 0.000000
0, 10, 27.531672, -83.128869, 0.000000, 360.000000, 360.000000, 0.000000
0, 11, 27.531672, -79.128869, 0.000000, 360.000000, 360.000000, 0.000000
0, 12, 27.531672, -75.128869, 0.000000, 360.000000, 360.000000, 0.000000
0, 13, 27.531672, -71.128869, 0.000000, 360.000000, 360.000000, 0.000000
0, 14, 27.531672, -67.128869, 0.000000, 360.000000, 360.000000, 0.000000
1, 0, 31.531672, -123.128869, 0.000000, 360.000000, 360.000000, 0.000000
1, 1, 31.531672, -119.128869, 0.000000, 360.000000, 360.000000, 0.000000
1, 2, 31.531672, -115.128869, 0.000000, 360.000000, 360.000000, 0.000000
1, 4, 31.531672, -107.128869, 0.000000, 360.000000, 360.000000, 0.000000
1, 11, 31.531672, -79.128869, 0.000000, 360.000000, 360.000000, 0.000000
1, 12, 31.531672, -75.128869, 0.000000, 360.000000, 360.000000, 0.000000
1, 13, 31.531672, -71.128869, 0.000000, 360.000000, 360.000000, 0.000000
1, 14, 31.531672, -67.128869, 0.000000, 360.000000, 360.000000, 0.000000
2, 0, 35.531672, -123.128869, 0.000000, 360.000000, 360.000000, 0.000000
2, 12, 35.531672, -75.128869, 0.000000, 360.000000, 360.000000, 0.000000
2, 13, 35.531672, -71.128869, 0.000000, 360.000000, 360.000000, 0.000000
2, 14, 35.531672, -67.128869, 0.000000, 360.000000, 360.000000, 0.000000
3, 13, 39.531672, -71.128869, 0.000000, 360.000000, 360.000000, 0.000000
3, 14, 39.531672, -67.128869, 0.000000, 360.000000, 360.000000, 0.000000
4, 11, 43.531672, -79.128869, 0.000000, 360.000000, 360.000000, 0.000000
4, 14, 43.531672, -67.128869, 0.000000, 360.000000, 360.000000, 0.000000
5, 10, 47.531672, -83.128869, 0.000000, 360.000000, 360.000000, 0.000000
5, 11, 47.531672, -79.128869, 0.000000, 360.000000, 360.000000, 0.000000
5, 12, 47.531672, -75.128869, 0.000000, 360.000000, 360.000000, 0.000000
5, 13, 47.531672, -71.128869, 0.000000, 360.000000, 360.000000, 0.000000
5, 14, 47.531672, -67.128869, 0.000000, 360.000000, 360.000000, 0.000000
