2025-12-15 19:25:39 file D:/application/afsim2.9_src/demos/aea_iads/iads-rt.txt
2025-12-15 19:25:39 version wsf 2.9.0
2025-12-15 19:25:39 file D:\application\afsim2.9_src\demos\aea_iads\iads-rt.txt
2025-12-15 19:25:39 file D:\application\afsim2.9_src\demos\aea_iads\setup.txt
2025-12-15 19:25:39 file D:\application\afsim2.9_src\demos\aea_iads\event_output.txt
2025-12-15 19:25:39 file D:\application\afsim2.9_src\demos\aea_iads\event_pipe.txt
2025-12-15 19:25:39 file D:\application\afsim2.9_src\demos\aea_iads\csv_event_output.txt
2025-12-15 19:25:39 file D:\application\afsim2.9_src\demos\aea_iads\terrain.txt
2025-12-15 19:25:39 file D:/application/afsim2.9_src/demos/iads/platforms/common.txt
2025-12-15 19:25:39 file D:\application\afsim2.9_src\demos\aea_iads\platforms/cmdr_players.txt
2025-12-15 19:25:39 file D:/application/afsim2.9_src/demos/aea_iads/platforms/iads_cmdr.txt
2025-12-15 19:25:39 file D:/application/afsim2.9_src/demos/aea_iads/processors/commander_track_manager.txt
2025-12-15 19:25:39 file D:/application/afsim2.9_src/demos/aea_iads/platforms/red_radar_company.txt
2025-12-15 19:25:39 file D:/application/afsim2.9_src/demos/iads/platforms/target.txt
2025-12-15 19:25:39 file D:/application/afsim2.9_src/demos/iads/platforms/radar_players.txt
2025-12-15 19:25:39 file D:/application/afsim2.9_src/demos/iads/platforms/red_radar.txt
2025-12-15 19:25:39 file D:/application/afsim2.9_src/demos/iads/platforms/red_radar_tactics.txt
2025-12-15 19:25:39 file D:/application/afsim2.9_src/demos/aea_iads/platforms/ew_radar.txt
2025-12-15 19:25:39 file D:/application/afsim2.9_src/demos/aea_iads/sensors/radar/ew_radar.txt
2025-12-15 19:25:39 file D:/application/afsim2.9_src/demos/base_types/processors/ep_operations.txt
2025-12-15 19:25:39 file D:/application/afsim2.9_src/demos/iads/platforms/acq_radar.txt
2025-12-15 19:25:39 file D:/application/afsim2.9_src/demos/aea_iads/sensors/radar/acq_radar.txt
2025-12-15 19:25:39 file D:/application/afsim2.9_src/demos/iads/platforms/sam_players.txt
2025-12-15 19:25:39 file D:/application/afsim2.9_src/demos/aea_iads/platforms/large_sam_battalion.txt
2025-12-15 19:25:39 file D:/application/afsim2.9_src/demos/aea_iads/processors/red_sam_battery_tactics.txt
2025-12-15 19:25:39 file D:/application/afsim2.9_src/demos/iads/weapons/sam/sam_launch_computer.txt
2025-12-15 19:25:39 file D:/application/afsim2.9_src/demos/iads/weapons/sam/large_sam_launch_computer.txt
2025-12-15 19:25:39 file D:/application/afsim2.9_src/demos/iads/platforms/large_sam_ttr.txt
2025-12-15 19:25:39 file D:/application/afsim2.9_src/demos/aea_iads/sensors/radar/ttr_radar.txt
2025-12-15 19:25:39 file D:/application/afsim2.9_src/demos/iads/platforms/large_sam_launcher.txt
2025-12-15 19:25:39 file D:/application/afsim2.9_src/demos/iads/weapons/sam/large_sam.txt
2025-12-15 19:25:39 file D:\application\afsim2.9_src\demos\aea_iads\platforms/blue_players.txt
2025-12-15 19:25:39 file D:/application/afsim2.9_src/demos/iads/platforms/ucav.txt
2025-12-15 19:25:39 file D:/application/afsim2.9_src/demos/iads/signatures/ucav_sigs.txt
2025-12-15 19:25:39 file D:/application/afsim2.9_src/demos/iads/signatures/ucav_infrared_sig.txt
2025-12-15 19:25:39 file D:/application/afsim2.9_src/demos/iads/signatures/ucav_optical_sig.txt
2025-12-15 19:25:39 file D:/application/afsim2.9_src/demos/iads/signatures/ucav_radar_sig.txt
2025-12-15 19:25:39 file D:/application/afsim2.9_src/demos/aea_iads/sensors/esm_rwr/ucav_esm.txt
2025-12-15 19:25:39 file D:/application/afsim2.9_src/demos/iads/sensors/radar/ucav_sar.txt
2025-12-15 19:25:39 file D:/application/afsim2.9_src/demos/iads/weapons/agm/blue_gps_bomb_2.txt
2025-12-15 19:25:39 file D:/application/afsim2.9_src/demos/iads/weapons/agm/blue_gps_bomb_1.txt
2025-12-15 19:25:39 file D:/application/afsim2.9_src/demos/iads/weapons/agm/blue_glide_bomb_1.txt
2025-12-15 19:25:39 file D:/application/afsim2.9_src/demos/aea_iads/platforms/soj.txt
2025-12-15 19:25:39 file D:/application/afsim2.9_src/demos/iads/signatures/fighter_sigs.txt
2025-12-15 19:25:39 file D:/application/afsim2.9_src/demos/iads/signatures/fighter_infrared_sig.txt
2025-12-15 19:25:39 file D:/application/afsim2.9_src/demos/iads/signatures/fighter_optical_sig.txt
2025-12-15 19:25:39 file D:/application/afsim2.9_src/demos/iads/signatures/fighter_radar_sig.txt
2025-12-15 19:25:39 file D:/application/afsim2.9_src/demos/aea_iads/weapons/jammer/soj_vhf_jammer.txt
2025-12-15 19:25:39 file D:/application/afsim2.9_src/demos/aea_iads/./weapons/jammer/soj_base_jammer.txt
2025-12-15 19:25:39 file D:/application/afsim2.9_src/demos/aea_iads/./weapons/jammer/false_target.txt
2025-12-15 19:25:39 file D:/application/afsim2.9_src/demos/aea_iads/weapons/jammer/soj_sband_jammer.txt
2025-12-15 19:25:39 file D:/application/afsim2.9_src/demos/aea_iads/weapons/jammer/soj_xband_jammer.txt
2025-12-15 19:25:39 file D:/application/afsim2.9_src/demos/iads/scenarios/nets_zones.txt
2025-12-15 19:25:39 file D:\application\afsim2.9_src\demos\aea_iads\dis_data.txt
2025-12-15 19:25:39 file D:\application\afsim2.9_src\demos\aea_iads\dis_ew_data.txt
2025-12-15 19:25:39 file D:\application\afsim2.9_src\demos\aea_iads\dis_realtime.txt
2025-12-15 19:25:39 file D:\application\afsim2.9_src\demos\aea_iads\xio_interface.txt
2025-12-15 19:25:39 file D:/application/afsim2.9_src/demos/iads/scenarios/targets.txt
2025-12-15 19:25:39 file D:/applicat2025-12-15 19:26:46 terminated 72.337 72.373 26.891
t
2025-12-15 19:25:41 start 1
2025-12-15 19:26:46 terminated 65.716 65.738 17.656
